Mplus VERSION 8.3 (Mac)
MUTHEN & MUTHEN
06/03/2022   1:40 PM

INPUT INSTRUCTIONS

  TITLE: EFs and IQ
  DATA: FILE = "cotwins.ef.long.cent.mplus.060322.dat";
  VARIABLE:
  NAMES = family SubjNum bestzygos Block_Design_Raw Block_Design_T Vocab_Raw Vocab_T
       IQ_T_Sum IQ_Composite LabSC LabAS LabKT OL_SC_1 OL_SC_2 OL_SC_3 TotalAccuracy_1
       TotalAccuracy_2 TotalAccuracy_3 OL_KT_Asin_1 OL_KT_Asin_2 OL_KT_Asin_3
       cl_Stroop2_1 cl_Stroop2_2 cl_Stroop2_3 cl_Stroop2_4 cl_Stroop2_5 cl_Stroop456_1
       cl_Stroop456_2 cl_Stroop456_3 cl_Stroop456_4 cl_Stroop456_5 cl_CS_Swi_Rep67_1
       cl_CS_Swi_Rep67_2 cl_CS_Swi_Rep67_3 cl_CS_Swi_Rep67_4 cl_CS_Swi_Rep67_5
       cl_KT_Cor_Perc_1 cl_KT_Cor_Perc_2 cl_KT_Cor_Perc_3 cl_KT_Cor_Perc_4
       cl_KT_Cor_Perc_5 cl_KTasin_1 cl_KTasin_2 cl_KTasin_3 cl_KTasin_4 cl_KTasin_5
       SVID age_at_lab age_at_olSC1 age_at_olSC2 age_at_olSC3 age_at_olKT1
       age_at_olKT2 age_at_olKT3 age_at_clStroop_1 age_at_clStroop_2 age_at_clStroop_3
       age_at_clStroop_4 age_at_clStroop_5 age_at_clSC_1 age_at_clSC_2 age_at_clSC_3
       age_at_clSC_4 age_at_clSC_5 age_at_clKT_1 age_at_clKT_2 age_at_clKT_3
       age_at_clKT_4 age_at_clKT_5 sex rLabSC rLabAS rLabKT rOL_SC_1 rOL_SC_2 rOL_SC_3
       rOL_KT_Asin_1 rOL_KT_Asin_2 rOL_KT_Asin_3 rcl_Stroop456_1 rcl_Stroop456_2
       rcl_Stroop456_3 rcl_Stroop456_4 rcl_Stroop456_5 rclSC_1 rclSC_2 rclSC_3 rclSC_4
       rclSC_5 rclKT_Asin_1 rclKT_Asin_2 rclKT_Asin_3 rclKT_Asin_4 rclKT_Asin_5
       agediff_olSC1 agediff_olSC2 agediff_olSC3 agediff_olKT1 agediff_olKT2
       agediff_olKT3 agediff_clStroop_1 agediff_clStroop_2 agediff_clStroop_3
       agediff_clStroop_4 agediff_clStroop_5 agediff_clSC_1 agediff_clSC_2
       agediff_clSC_3 agediff_clSC_4 agediff_clSC_5 agediff_clKT_1 agediff_clKT_2
       agediff_clKT_3 agediff_clKT_4 agediff_clKT_5 rBlock_Design_Raw rVocab_Raw Twin
       P1twin1id P1twin2id P1income P1edu P2income P2edu TwinID zygo;
  MISSING=.;

  USEVARIABLES ARE
  rBlock_Design_Raw rVocab_Raw
  rLabSC rLabAS rLabKT
  rOL_SC rOL_KT_Asin
  rclStroop rclSC rclKT_Asin;
      CLUSTER IS Family;

  DEFINE:
  ! changing names of cl vars so I don't have to edit the script
  rLabSC = (-1)*(rLabSC);
  rOL_SC = (-1)*(rOL_SC_1);
  rOL_KT_Asin = rOL_KT_Asin_1;
  rclSC = (-1)*(rclSC_1);
  rclStroop = (-1)*(rcl_Stroop456_1);
  rclKT_Asin = rclKT_Asin_1;

  ANALYSIS: TYPE IS COMPLEX;
  	MODEL = NOCOVARIANCES
  	
  MODEL:
  labEF by rLabSC* rLabAS* rLabKT*;
  labEF @ 1;

  olEF by rOL_SC* rOL_KT_Asin* rclStroop* rclSC* rclKT_Asin*;

  SS by rLabSC*;
  SS by rOL_SC*;
  SS by rclSC*;

  US by rLabKT*;
  US by rOL_KT_Asin*;
  US by rclKT_Asin*;

  olEF@1;
  SS@1;
  US@1;

  labEF with olEF@1;

  IQ by rBlock_Design_Raw* (3)
  rVocab_Raw* (3);
  IQ @ 1;

  IQ with labEF;
  IQ with olEF;
  IQ with SS;
  IQ with US;

  OUTPUT: samp stdyx;



*** WARNING in VARIABLE command
  Note that only the first 8 characters of variable names are used in the output.
  Shorten variable names to avoid any confusion.
   1 WARNING(S) FOUND IN THE INPUT INSTRUCTIONS



EFs and IQ

SUMMARY OF ANALYSIS

Number of groups                                                 1
Number of observations                                         887

Number of dependent variables                                   10
Number of independent variables                                  0
Number of continuous latent variables                            5

Observed dependent variables

  Continuous
   RBLOCK_DES  RVOCAB_RAW  RLABSC      RLABAS      RLABKT      ROL_SC
   ROL_KT_ASI  RCLSTROOP   RCLSC       RCLKT_ASIN

Continuous latent variables
   LABEF       OLEF        SS          US          IQ

Variables with special functions

  Cluster variable      FAMILY

Estimator                                                      MLR
Information matrix                                        OBSERVED
Maximum number of iterations                                  1000
Convergence criterion                                    0.500D-04
Maximum number of steepest descent iterations                   20
Maximum number of iterations for H1                           2000
Convergence criterion for H1                             0.100D-03

Input data file(s)
  cotwins.ef.long.cent.mplus.060322.dat

Input data format  FREE


SUMMARY OF DATA

     Number of missing data patterns            35
     Number of clusters                        444



COVARIANCE COVERAGE OF DATA

Minimum covariance coverage value   0.100


     PROPORTION OF DATA PRESENT


           Covariance Coverage
              RBLOCK_D      RVOCAB_R      RLABSC        RLABAS        RLABKT
              ________      ________      ________      ________      ________
 RBLOCK_D       0.998
 RVOCAB_R       0.997         0.999
 RLABSC         0.992         0.992         0.993
 RLABAS         0.982         0.982         0.977         0.983
 RLABKT         0.998         0.998         0.993         0.983         0.999
 ROL_SC         0.356         0.356         0.354         0.353         0.356
 ROL_KT_A       0.405         0.405         0.402         0.400         0.405
 RCLSTROO       0.472         0.472         0.470         0.466         0.472
 RCLSC          0.459         0.459         0.457         0.454         0.459
 RCLKT_AS       0.455         0.455         0.453         0.451         0.455


           Covariance Coverage
              ROL_SC        ROL_KT_A      RCLSTROO      RCLSC         RCLKT_AS
              ________      ________      ________      ________      ________
 ROL_SC         0.356
 ROL_KT_A       0.337         0.405
 RCLSTROO       0.198         0.223         0.472
 RCLSC          0.198         0.221         0.441         0.459
 RCLKT_AS       0.198         0.221         0.439         0.449         0.455


SAMPLE STATISTICS


     ESTIMATED SAMPLE STATISTICS


           Means
              RBLOCK_D      RVOCAB_R      RLABSC        RLABAS        RLABKT
              ________      ________      ________      ________      ________
               -0.003         0.000        -0.002        -0.006        -0.002


           Means
              ROL_SC        ROL_KT_A      RCLSTROO      RCLSC         RCLKT_AS
              ________      ________      ________      ________      ________
               -0.038        -0.067        -0.069        -0.044        -0.103


           Covariances
              RBLOCK_D      RVOCAB_R      RLABSC        RLABAS        RLABKT
              ________      ________      ________      ________      ________
 RBLOCK_D       1.003
 RVOCAB_R       0.396         0.999
 RLABSC         0.055         0.069         1.000
 RLABAS         0.236         0.157         0.207         1.001
 RLABKT         0.444         0.423         0.124         0.263         1.003
 ROL_SC         0.041         0.056         0.406         0.260         0.104
 ROL_KT_A       0.199         0.142         0.081         0.116         0.340
 RCLSTROO       0.267         0.152         0.162         0.236         0.129
 RCLSC          0.041         0.008         0.345         0.161         0.033
 RCLKT_AS       0.291         0.285         0.073         0.175         0.468


           Covariances
              ROL_SC        ROL_KT_A      RCLSTROO      RCLSC         RCLKT_AS
              ________      ________      ________      ________      ________
 ROL_SC         1.014
 ROL_KT_A       0.062         0.996
 RCLSTROO       0.193         0.106         1.012
 RCLSC          0.482         0.007         0.192         0.992
 RCLKT_AS       0.039         0.482         0.106         0.104         1.044


           Correlations
              RBLOCK_D      RVOCAB_R      RLABSC        RLABAS        RLABKT
              ________      ________      ________      ________      ________
 RBLOCK_D       1.000
 RVOCAB_R       0.396         1.000
 RLABSC         0.055         0.069         1.000
 RLABAS         0.235         0.157         0.207         1.000
 RLABKT         0.442         0.423         0.124         0.263         1.000
 ROL_SC         0.041         0.056         0.404         0.258         0.103
 ROL_KT_A       0.199         0.142         0.082         0.116         0.341
 RCLSTROO       0.266         0.151         0.161         0.234         0.128
 RCLSC          0.041         0.008         0.346         0.162         0.033
 RCLKT_AS       0.284         0.279         0.072         0.171         0.458


           Correlations
              ROL_SC        ROL_KT_A      RCLSTROO      RCLSC         RCLKT_AS
              ________      ________      ________      ________      ________
 ROL_SC         1.000
 ROL_KT_A       0.061         1.000
 RCLSTROO       0.191         0.106         1.000
 RCLSC          0.480         0.007         0.191         1.000
 RCLKT_AS       0.037         0.473         0.103         0.102         1.000


     MAXIMUM LOG-LIKELIHOOD VALUE FOR THE UNRESTRICTED (H1) MODEL IS -8498.739


UNIVARIATE SAMPLE STATISTICS


     UNIVARIATE HIGHER-ORDER MOMENT DESCRIPTIVE STATISTICS

         Variable/         Mean/     Skewness/   Minimum/ % with                Percentiles
        Sample Size      Variance    Kurtosis    Maximum  Min/Max      20%/60%    40%/80%    Median

     RBLOCK_DESIGN_R       0.000      -0.461      -3.216    0.11%      -0.763     -0.132      0.095
             885.000       0.999      -0.078       2.267    0.11%       0.332      0.879
     RVOCAB_RAW            0.000      -0.670      -4.589    0.11%      -0.772     -0.131      0.124
             886.000       0.999       1.043       3.321    0.11%       0.337      0.795
     RLABSC                0.000      -0.892      -3.287    0.11%      -0.703     -0.067      0.158
             881.000       0.999       0.898       2.726    0.11%       0.364      0.805
     RLABAS                0.000      -0.130      -2.537    0.11%      -0.903     -0.150      0.097
             872.000       0.999      -0.213       2.600    0.11%       0.303      0.795
     RLABKT                0.000       0.163      -2.804    0.11%      -0.815     -0.287     -0.027
             886.000       0.999       0.175       3.322    0.11%       0.238      0.845
     ROL_SC                0.000      -1.079      -3.324    0.32%      -0.646     -0.069      0.191
             316.000       0.997       0.936       1.605    0.32%       0.386      0.860
     ROL_KT_ASIN           0.000       0.866      -2.051    0.28%      -0.853     -0.275     -0.145
             359.000       0.997       1.508       3.696    0.28%       0.101      0.682
     RCLSTROOP             0.000      -0.304      -2.936    0.24%      -0.905     -0.260      0.123
             419.000       0.998      -0.395       2.448    0.24%       0.336      0.928
     RCLSC                 0.000      -0.768      -3.318    0.25%      -0.780     -0.066      0.178
             407.000       0.998       0.409       1.818    0.25%       0.385      0.890
     RCLKT_ASIN            0.000       0.090      -2.584    0.25%      -0.897     -0.234      0.048
             404.000       0.998       0.118       3.403    0.25%       0.283      0.778


THE MODEL ESTIMATION TERMINATED NORMALLY

     WARNING:  THE LATENT VARIABLE COVARIANCE MATRIX (PSI) IS NOT POSITIVE
     DEFINITE.  THIS COULD INDICATE A NEGATIVE VARIANCE/RESIDUAL VARIANCE FOR A
     LATENT VARIABLE, A CORRELATION GREATER OR EQUAL TO ONE BETWEEN TWO LATENT
     VARIABLES, OR A LINEAR DEPENDENCY AMONG MORE THAN TWO LATENT VARIABLES.
     CHECK THE TECH4 OUTPUT FOR MORE INFORMATION.
     PROBLEM INVOLVING VARIABLE OLEF.




MODEL FIT INFORMATION

Number of Free Parameters                       39

Loglikelihood

          H0 Value                       -8525.117
          H0 Scaling Correction Factor      1.2578
            for MLR
          H1 Value                       -8498.739
          H1 Scaling Correction Factor      1.1256
            for MLR

Information Criteria

          Akaike (AIC)                   17128.234
          Bayesian (BIC)                 17314.960
          Sample-Size Adjusted BIC       17191.103
            (n* = (n + 2) / 24)

Chi-Square Test of Model Fit

          Value                             56.899*
          Degrees of Freedom                    26
          P-Value                           0.0004
          Scaling Correction Factor         0.9272
            for MLR

*   The chi-square value for MLM, MLMV, MLR, ULSMV, WLSM and WLSMV cannot be used
    for chi-square difference testing in the regular way.  MLM, MLR and WLSM
    chi-square difference testing is described on the Mplus website.  MLMV, WLSMV,
    and ULSMV difference testing is done using the DIFFTEST option.

RMSEA (Root Mean Square Error Of Approximation)

          Estimate                           0.037
          90 Percent C.I.                    0.024  0.050
          Probability RMSEA <= .05           0.956

CFI/TLI

          CFI                                0.963
          TLI                                0.936

Chi-Square Test of Model Fit for the Baseline Model

          Value                            880.344
          Degrees of Freedom                    45
          P-Value                           0.0000

SRMR (Standardized Root Mean Square Residual)

          Value                              0.040



MODEL RESULTS

                                                    Two-Tailed
                    Estimate       S.E.  Est./S.E.    P-Value

 LABEF    BY
    RLABSC             0.342      0.054      6.342      0.000
    RLABAS             0.604      0.072      8.391      0.000
    RLABKT             0.389      0.054      7.184      0.000

 OLEF     BY
    ROL_SC             0.383      0.082      4.647      0.000
    ROL_KT_ASI         0.135      0.090      1.499      0.134
    RCLSTROOP          0.450      0.073      6.167      0.000
    RCLSC              0.296      0.078      3.787      0.000
    RCLKT_ASIN         0.240      0.087      2.743      0.006

 SS       BY
    RLABSC             0.422      0.070      6.001      0.000
    ROL_SC             0.664      0.099      6.690      0.000
    RCLSC              0.560      0.095      5.863      0.000

 US       BY
    RLABKT             0.734      0.092      7.972      0.000
    ROL_KT_ASI         0.419      0.103      4.056      0.000
    RCLKT_ASIN         0.511      0.108      4.739      0.000

 IQ       BY
    RBLOCK_DES         0.628      0.035     17.798      0.000
    RVOCAB_RAW         0.628      0.035     17.798      0.000

 LABEF    WITH
    OLEF               1.000      0.000    999.000    999.000
    IQ                 0.536      0.102      5.249      0.000

 IQ       WITH
    OLEF               0.669      0.117      5.728      0.000
    SS                -0.213      0.089     -2.384      0.017
    US                 0.631      0.065      9.658      0.000

 Intercepts
    RBLOCK_DES        -0.003      0.041     -0.071      0.944
    RVOCAB_RAW         0.000      0.040     -0.003      0.997
    RLABSC            -0.002      0.038     -0.040      0.968
    RLABAS            -0.006      0.040     -0.157      0.875
    RLABKT            -0.002      0.040     -0.053      0.957
    ROL_SC            -0.048      0.057     -0.831      0.406
    ROL_KT_ASI        -0.068      0.054     -1.258      0.208
    RCLSTROOP         -0.074      0.052     -1.417      0.156
    RCLSC             -0.057      0.053     -1.075      0.282
    RCLKT_ASIN        -0.108      0.057     -1.900      0.057

 Variances
    LABEF              1.000      0.000    999.000    999.000
    OLEF               1.000      0.000    999.000    999.000
    SS                 1.000      0.000    999.000    999.000
    US                 1.000      0.000    999.000    999.000
    IQ                 1.000      0.000    999.000    999.000

 Residual Variances
    RBLOCK_DES         0.585      0.045     13.066      0.000
    RVOCAB_RAW         0.625      0.049     12.673      0.000
    RLABSC             0.705      0.069     10.255      0.000
    RLABAS             0.636      0.081      7.817      0.000
    RLABKT             0.310      0.107      2.897      0.004
    ROL_SC             0.427      0.132      3.237      0.001
    ROL_KT_ASI         0.809      0.102      7.895      0.000
    RCLSTROOP          0.810      0.069     11.813      0.000
    RCLSC              0.592      0.094      6.306      0.000
    RCLKT_ASIN         0.713      0.119      5.991      0.000


STANDARDIZED MODEL RESULTS


STDYX Standardization

                                                    Two-Tailed
                    Estimate       S.E.  Est./S.E.    P-Value

 LABEF    BY
    RLABSC             0.342      0.051      6.662      0.000
    RLABAS             0.604      0.068      8.918      0.000
    RLABKT             0.389      0.052      7.498      0.000

 OLEF     BY
    ROL_SC             0.381      0.074      5.163      0.000
    ROL_KT_ASI         0.135      0.090      1.493      0.135
    RCLSTROOP          0.447      0.067      6.642      0.000
    RCLSC              0.297      0.075      3.957      0.000
    RCLKT_ASIN         0.236      0.085      2.789      0.005

 SS       BY
    RLABSC             0.422      0.067      6.255      0.000
    ROL_SC             0.659      0.097      6.796      0.000
    RCLSC              0.562      0.090      6.214      0.000

 US       BY
    RLABKT             0.734      0.087      8.451      0.000
    ROL_KT_ASI         0.419      0.099      4.237      0.000
    RCLKT_ASIN         0.503      0.107      4.679      0.000

 IQ       BY
    RBLOCK_DES         0.635      0.030     20.883      0.000
    RVOCAB_RAW         0.622      0.028     22.315      0.000

 LABEF    WITH
    OLEF               1.000      0.000    999.000    999.000
    IQ                 0.536      0.102      5.249      0.000

 IQ       WITH
    OLEF               0.669      0.117      5.728      0.000
    SS                -0.213      0.089     -2.384      0.017
    US                 0.631      0.065      9.658      0.000

 Intercepts
    RBLOCK_DES        -0.003      0.042     -0.071      0.943
    RVOCAB_RAW         0.000      0.040     -0.003      0.997
    RLABSC            -0.002      0.038     -0.040      0.968
    RLABAS            -0.006      0.039     -0.157      0.875
    RLABKT            -0.002      0.040     -0.053      0.957
    ROL_SC            -0.047      0.056     -0.852      0.394
    ROL_KT_ASI        -0.068      0.055     -1.230      0.219
    RCLSTROOP         -0.073      0.051     -1.437      0.151
    RCLSC             -0.057      0.052     -1.101      0.271
    RCLKT_ASIN        -0.106      0.056     -1.896      0.058

 Variances
    LABEF              1.000      0.000    999.000    999.000
    OLEF               1.000      0.000    999.000    999.000
    SS                 1.000      0.000    999.000    999.000
    US                 1.000      0.000    999.000    999.000
    IQ                 1.000      0.000    999.000    999.000

 Residual Variances
    RBLOCK_DES         0.597      0.039     15.472      0.000
    RVOCAB_RAW         0.613      0.035     17.676      0.000
    RLABSC             0.705      0.061     11.483      0.000
    RLABAS             0.635      0.082      7.765      0.000
    RLABKT             0.309      0.109      2.829      0.005
    ROL_SC             0.421      0.125      3.369      0.001
    ROL_KT_ASI         0.806      0.073     11.086      0.000
    RCLSTROOP          0.800      0.060     13.274      0.000
    RCLSC              0.596      0.095      6.244      0.000
    RCLKT_ASIN         0.691      0.098      7.052      0.000


R-SQUARE

    Observed                                        Two-Tailed
    Variable        Estimate       S.E.  Est./S.E.    P-Value

    RBLOCK_D           0.403      0.039     10.441      0.000
    RVOCAB_R           0.387      0.035     11.157      0.000
    RLABSC             0.295      0.061      4.802      0.000
    RLABAS             0.365      0.082      4.459      0.000
    RLABKT             0.691      0.109      6.316      0.000
    ROL_SC             0.579      0.125      4.641      0.000
    ROL_KT_A           0.194      0.073      2.660      0.008
    RCLSTROO           0.200      0.060      3.321      0.001
    RCLSC              0.404      0.095      4.228      0.000
    RCLKT_AS           0.309      0.098      3.146      0.002


QUALITY OF NUMERICAL RESULTS

     Condition Number for the Information Matrix              0.167E-01
       (ratio of smallest to largest eigenvalue)


     Beginning Time:  13:40:19
        Ending Time:  13:40:19
       Elapsed Time:  00:00:00



MUTHEN & MUTHEN
3463 Stoner Ave.
Los Angeles, CA  90066

Tel: (310) 391-9971
Fax: (310) 391-8971
Web: www.StatModel.com
Support: Support@StatModel.com

Copyright (c) 1998-2019 Muthen & Muthen
