Mplus VERSION 8.3 (Mac)
MUTHEN & MUTHEN
10/31/2022   1:18 PM

INPUT INSTRUCTIONS

  TITLE: EFs and IQ
  DATA: FILE = "cotwins.ef.long.cent.mplus.060322.dat";
  VARIABLE:
  NAMES = family SubjNum bestzygos Block_Design_Raw Block_Design_T Vocab_Raw Vocab_T
       IQ_T_Sum IQ_Composite LabSC LabAS LabKT OL_SC_1 OL_SC_2 OL_SC_3 TotalAccuracy_1
       TotalAccuracy_2 TotalAccuracy_3 OL_KT_Asin_1 OL_KT_Asin_2 OL_KT_Asin_3
       cl_Stroop2_1 cl_Stroop2_2 cl_Stroop2_3 cl_Stroop2_4 cl_Stroop2_5 cl_Stroop456_1
       cl_Stroop456_2 cl_Stroop456_3 cl_Stroop456_4 cl_Stroop456_5 cl_CS_Swi_Rep67_1
       cl_CS_Swi_Rep67_2 cl_CS_Swi_Rep67_3 cl_CS_Swi_Rep67_4 cl_CS_Swi_Rep67_5
       cl_KT_Cor_Perc_1 cl_KT_Cor_Perc_2 cl_KT_Cor_Perc_3 cl_KT_Cor_Perc_4
       cl_KT_Cor_Perc_5 cl_KTasin_1 cl_KTasin_2 cl_KTasin_3 cl_KTasin_4 cl_KTasin_5
       SVID age_at_lab age_at_olSC1 age_at_olSC2 age_at_olSC3 age_at_olKT1
       age_at_olKT2 age_at_olKT3 age_at_clStroop_1 age_at_clStroop_2 age_at_clStroop_3
       age_at_clStroop_4 age_at_clStroop_5 age_at_clSC_1 age_at_clSC_2 age_at_clSC_3
       age_at_clSC_4 age_at_clSC_5 age_at_clKT_1 age_at_clKT_2 age_at_clKT_3
       age_at_clKT_4 age_at_clKT_5 sex rLabSC rLabAS rLabKT rOL_SC_1 rOL_SC_2 rOL_SC_3
       rOL_KT_Asin_1 rOL_KT_Asin_2 rOL_KT_Asin_3 rcl_Stroop456_1 rcl_Stroop456_2
       rcl_Stroop456_3 rcl_Stroop456_4 rcl_Stroop456_5 rclSC_1 rclSC_2 rclSC_3 rclSC_4
       rclSC_5 rclKT_Asin_1 rclKT_Asin_2 rclKT_Asin_3 rclKT_Asin_4 rclKT_Asin_5
       agediff_olSC1 agediff_olSC2 agediff_olSC3 agediff_olKT1 agediff_olKT2
       agediff_olKT3 agediff_clStroop_1 agediff_clStroop_2 agediff_clStroop_3
       agediff_clStroop_4 agediff_clStroop_5 agediff_clSC_1 agediff_clSC_2
       agediff_clSC_3 agediff_clSC_4 agediff_clSC_5 agediff_clKT_1 agediff_clKT_2
       agediff_clKT_3 agediff_clKT_4 agediff_clKT_5 rBlock_Design_Raw rVocab_Raw Twin
       P1twin1id P1twin2id P1income P1edu P2income P2edu TwinID zygo;
  MISSING=.;

  USEVARIABLES ARE
  rBlock_Design_Raw rVocab_Raw
  rLabSC rLabAS rLabKT
  rOL_SC rOL_KT_Asin
  rclStroop rclSC rclKT_Asin;
      CLUSTER IS Family;

  DEFINE:
  ! changing names of cl vars so I don't have to edit the script
  rLabSC = (-1)*(rLabSC);
  rOL_SC = (-1)*(rOL_SC_1);
  rOL_KT_Asin = rOL_KT_Asin_1;
  rclSC = (-1)*(rclSC_1);
  rclStroop = (-1)*(rcl_Stroop456_1);
  rclKT_Asin = rclKT_Asin_1;

  ANALYSIS: TYPE IS COMPLEX;
  	MODEL = NOCOVARIANCES
  	
  MODEL:
  labEF by rLabSC* rLabAS* rLabKT*;
  labEF @ 1;

  olEF by rOL_SC* rOL_KT_Asin* rclStroop* rclSC* rclKT_Asin*;

  SS by rLabSC*;
  SS by rOL_SC*;
  SS by rclSC*;

  US by rLabKT*;
  US by rOL_KT_Asin*;
  US by rclKT_Asin*;

  olEF@1;
  SS@1;
  US@1;

  labEF with olEF;

  IQ by rBlock_Design_Raw* (3)
  rVocab_Raw* (3);
  IQ @ 1;

  IQ with labEF;
  IQ with olEF;
  IQ with SS;
  IQ with US;

  OUTPUT: samp stdyx CINTERVAL;



*** WARNING in VARIABLE command
  Note that only the first 8 characters of variable names are used in the output.
  Shorten variable names to avoid any confusion.
   1 WARNING(S) FOUND IN THE INPUT INSTRUCTIONS



EFs and IQ

SUMMARY OF ANALYSIS

Number of groups                                                 1
Number of observations                                         887

Number of dependent variables                                   10
Number of independent variables                                  0
Number of continuous latent variables                            5

Observed dependent variables

  Continuous
   RBLOCK_DES  RVOCAB_RAW  RLABSC      RLABAS      RLABKT      ROL_SC
   ROL_KT_ASI  RCLSTROOP   RCLSC       RCLKT_ASIN

Continuous latent variables
   LABEF       OLEF        SS          US          IQ

Variables with special functions

  Cluster variable      FAMILY

Estimator                                                      MLR
Information matrix                                        OBSERVED
Maximum number of iterations                                  1000
Convergence criterion                                    0.500D-04
Maximum number of steepest descent iterations                   20
Maximum number of iterations for H1                           2000
Convergence criterion for H1                             0.100D-03

Input data file(s)
  cotwins.ef.long.cent.mplus.060322.dat

Input data format  FREE


SUMMARY OF DATA

     Number of missing data patterns            35
     Number of clusters                        444



COVARIANCE COVERAGE OF DATA

Minimum covariance coverage value   0.100


     PROPORTION OF DATA PRESENT


           Covariance Coverage
              RBLOCK_D      RVOCAB_R      RLABSC        RLABAS        RLABKT
              ________      ________      ________      ________      ________
 RBLOCK_D       0.998
 RVOCAB_R       0.997         0.999
 RLABSC         0.992         0.992         0.993
 RLABAS         0.982         0.982         0.977         0.983
 RLABKT         0.998         0.998         0.993         0.983         0.999
 ROL_SC         0.356         0.356         0.354         0.353         0.356
 ROL_KT_A       0.405         0.405         0.402         0.400         0.405
 RCLSTROO       0.472         0.472         0.470         0.466         0.472
 RCLSC          0.459         0.459         0.457         0.454         0.459
 RCLKT_AS       0.455         0.455         0.453         0.451         0.455


           Covariance Coverage
              ROL_SC        ROL_KT_A      RCLSTROO      RCLSC         RCLKT_AS
              ________      ________      ________      ________      ________
 ROL_SC         0.356
 ROL_KT_A       0.337         0.405
 RCLSTROO       0.198         0.223         0.472
 RCLSC          0.198         0.221         0.441         0.459
 RCLKT_AS       0.198         0.221         0.439         0.449         0.455


SAMPLE STATISTICS


     ESTIMATED SAMPLE STATISTICS


           Means
              RBLOCK_D      RVOCAB_R      RLABSC        RLABAS        RLABKT
              ________      ________      ________      ________      ________
               -0.003         0.000        -0.002        -0.006        -0.002


           Means
              ROL_SC        ROL_KT_A      RCLSTROO      RCLSC         RCLKT_AS
              ________      ________      ________      ________      ________
               -0.038        -0.067        -0.069        -0.044        -0.103


           Covariances
              RBLOCK_D      RVOCAB_R      RLABSC        RLABAS        RLABKT
              ________      ________      ________      ________      ________
 RBLOCK_D       1.003
 RVOCAB_R       0.396         0.999
 RLABSC         0.055         0.069         1.000
 RLABAS         0.236         0.157         0.207         1.001
 RLABKT         0.444         0.423         0.124         0.263         1.003
 ROL_SC         0.041         0.056         0.406         0.260         0.104
 ROL_KT_A       0.199         0.142         0.081         0.116         0.340
 RCLSTROO       0.267         0.152         0.162         0.236         0.129
 RCLSC          0.041         0.008         0.345         0.161         0.033
 RCLKT_AS       0.291         0.285         0.073         0.175         0.468


           Covariances
              ROL_SC        ROL_KT_A      RCLSTROO      RCLSC         RCLKT_AS
              ________      ________      ________      ________      ________
 ROL_SC         1.014
 ROL_KT_A       0.062         0.996
 RCLSTROO       0.193         0.106         1.012
 RCLSC          0.482         0.007         0.192         0.992
 RCLKT_AS       0.039         0.482         0.106         0.104         1.044


           Correlations
              RBLOCK_D      RVOCAB_R      RLABSC        RLABAS        RLABKT
              ________      ________      ________      ________      ________
 RBLOCK_D       1.000
 RVOCAB_R       0.396         1.000
 RLABSC         0.055         0.069         1.000
 RLABAS         0.235         0.157         0.207         1.000
 RLABKT         0.442         0.423         0.124         0.263         1.000
 ROL_SC         0.041         0.056         0.404         0.258         0.103
 ROL_KT_A       0.199         0.142         0.082         0.116         0.341
 RCLSTROO       0.266         0.151         0.161         0.234         0.128
 RCLSC          0.041         0.008         0.346         0.162         0.033
 RCLKT_AS       0.284         0.279         0.072         0.171         0.458


           Correlations
              ROL_SC        ROL_KT_A      RCLSTROO      RCLSC         RCLKT_AS
              ________      ________      ________      ________      ________
 ROL_SC         1.000
 ROL_KT_A       0.061         1.000
 RCLSTROO       0.191         0.106         1.000
 RCLSC          0.480         0.007         0.191         1.000
 RCLKT_AS       0.037         0.473         0.103         0.102         1.000


     MAXIMUM LOG-LIKELIHOOD VALUE FOR THE UNRESTRICTED (H1) MODEL IS -8498.739


UNIVARIATE SAMPLE STATISTICS


     UNIVARIATE HIGHER-ORDER MOMENT DESCRIPTIVE STATISTICS

         Variable/         Mean/     Skewness/   Minimum/ % with                Percentiles
        Sample Size      Variance    Kurtosis    Maximum  Min/Max      20%/60%    40%/80%    Median

     RBLOCK_DESIGN_R       0.000      -0.461      -3.216    0.11%      -0.763     -0.132      0.095
             885.000       0.999      -0.078       2.267    0.11%       0.332      0.879
     RVOCAB_RAW            0.000      -0.670      -4.589    0.11%      -0.772     -0.131      0.124
             886.000       0.999       1.043       3.321    0.11%       0.337      0.795
     RLABSC                0.000      -0.892      -3.287    0.11%      -0.703     -0.067      0.158
             881.000       0.999       0.898       2.726    0.11%       0.364      0.805
     RLABAS                0.000      -0.130      -2.537    0.11%      -0.903     -0.150      0.097
             872.000       0.999      -0.213       2.600    0.11%       0.303      0.795
     RLABKT                0.000       0.163      -2.804    0.11%      -0.815     -0.287     -0.027
             886.000       0.999       0.175       3.322    0.11%       0.238      0.845
     ROL_SC                0.000      -1.079      -3.324    0.32%      -0.646     -0.069      0.191
             316.000       0.997       0.936       1.605    0.32%       0.386      0.860
     ROL_KT_ASIN           0.000       0.866      -2.051    0.28%      -0.853     -0.275     -0.145
             359.000       0.997       1.508       3.696    0.28%       0.101      0.682
     RCLSTROOP             0.000      -0.304      -2.936    0.24%      -0.905     -0.260      0.123
             419.000       0.998      -0.395       2.448    0.24%       0.336      0.928
     RCLSC                 0.000      -0.768      -3.318    0.25%      -0.780     -0.066      0.178
             407.000       0.998       0.409       1.818    0.25%       0.385      0.890
     RCLKT_ASIN            0.000       0.090      -2.584    0.25%      -0.897     -0.234      0.048
             404.000       0.998       0.118       3.403    0.25%       0.283      0.778


THE MODEL ESTIMATION TERMINATED NORMALLY



MODEL FIT INFORMATION

Number of Free Parameters                       40

Loglikelihood

          H0 Value                       -8522.209
          H0 Scaling Correction Factor      1.2549
            for MLR
          H1 Value                       -8498.739
          H1 Scaling Correction Factor      1.1256
            for MLR

Information Criteria

          Akaike (AIC)                   17124.418
          Bayesian (BIC)                 17315.932
          Sample-Size Adjusted BIC       17188.900
            (n* = (n + 2) / 24)

Chi-Square Test of Model Fit

          Value                             51.101*
          Degrees of Freedom                    25
          P-Value                           0.0016
          Scaling Correction Factor         0.9186
            for MLR

*   The chi-square value for MLM, MLMV, MLR, ULSMV, WLSM and WLSMV cannot be used
    for chi-square difference testing in the regular way.  MLM, MLR and WLSM
    chi-square difference testing is described on the Mplus website.  MLMV, WLSMV,
    and ULSMV difference testing is done using the DIFFTEST option.

RMSEA (Root Mean Square Error Of Approximation)

          Estimate                           0.034
          90 Percent C.I.                    0.021  0.048
          Probability RMSEA <= .05           0.974

CFI/TLI

          CFI                                0.969
          TLI                                0.944

Chi-Square Test of Model Fit for the Baseline Model

          Value                            880.344
          Degrees of Freedom                    45
          P-Value                           0.0000

SRMR (Standardized Root Mean Square Residual)

          Value                              0.038



MODEL RESULTS

                                                    Two-Tailed
                    Estimate       S.E.  Est./S.E.    P-Value

 LABEF    BY
    RLABSC             0.337      0.054      6.296      0.000
    RLABAS             0.612      0.089      6.881      0.000
    RLABKT             0.408      0.064      6.396      0.000

 OLEF     BY
    ROL_SC             0.407      0.089      4.565      0.000
    ROL_KT_ASI         0.172      0.094      1.837      0.066
    RCLSTROOP          0.534      0.086      6.182      0.000
    RCLSC              0.343      0.076      4.525      0.000
    RCLKT_ASIN         0.272      0.088      3.075      0.002

 SS       BY
    RLABSC             0.461      0.075      6.189      0.000
    ROL_SC             0.638      0.098      6.527      0.000
    RCLSC              0.538      0.095      5.654      0.000

 US       BY
    RLABKT             0.732      0.101      7.241      0.000
    ROL_KT_ASI         0.426      0.105      4.047      0.000
    RCLKT_ASIN         0.531      0.112      4.722      0.000

 IQ       BY
    RBLOCK_DES         0.630      0.035     17.787      0.000
    RVOCAB_RAW         0.630      0.035     17.787      0.000

 LABEF    WITH
    OLEF               0.769      0.089      8.610      0.000
    IQ                 0.541      0.120      4.507      0.000

 IQ       WITH
    OLEF               0.568      0.098      5.766      0.000
    SS                -0.198      0.083     -2.397      0.017
    US                 0.620      0.073      8.490      0.000

 Intercepts
    RBLOCK_DES        -0.003      0.041     -0.071      0.943
    RVOCAB_RAW         0.000      0.040     -0.003      0.997
    RLABSC            -0.002      0.038     -0.045      0.964
    RLABAS            -0.006      0.040     -0.161      0.872
    RLABKT            -0.002      0.040     -0.054      0.957
    ROL_SC            -0.044      0.058     -0.763      0.446
    ROL_KT_ASI        -0.069      0.054     -1.288      0.198
    RCLSTROOP         -0.070      0.052     -1.351      0.177
    RCLSC             -0.054      0.053     -1.022      0.307
    RCLKT_ASIN        -0.104      0.056     -1.844      0.065

 Variances
    LABEF              1.000      0.000    999.000    999.000
    OLEF               1.000      0.000    999.000    999.000
    SS                 1.000      0.000    999.000    999.000
    US                 1.000      0.000    999.000    999.000
    IQ                 1.000      0.000    999.000    999.000

 Residual Variances
    RBLOCK_DES         0.584      0.045     13.070      0.000
    RVOCAB_RAW         0.625      0.049     12.671      0.000
    RLABSC             0.673      0.077      8.738      0.000
    RLABAS             0.627      0.104      6.036      0.000
    RLABKT             0.300      0.109      2.755      0.006
    ROL_SC             0.436      0.122      3.568      0.000
    ROL_KT_ASI         0.793      0.102      7.806      0.000
    RCLSTROOP          0.726      0.090      8.095      0.000
    RCLSC              0.585      0.088      6.614      0.000
    RCLKT_ASIN         0.680      0.126      5.375      0.000


STANDARDIZED MODEL RESULTS


STDYX Standardization

                                                    Two-Tailed
                    Estimate       S.E.  Est./S.E.    P-Value

 LABEF    BY
    RLABSC             0.337      0.051      6.588      0.000
    RLABAS             0.612      0.085      7.168      0.000
    RLABKT             0.407      0.062      6.591      0.000

 OLEF     BY
    ROL_SC             0.405      0.081      4.999      0.000
    ROL_KT_ASI         0.172      0.094      1.833      0.067
    RCLSTROOP          0.531      0.081      6.574      0.000
    RCLSC              0.344      0.072      4.746      0.000
    RCLKT_ASIN         0.267      0.085      3.133      0.002

 SS       BY
    RLABSC             0.462      0.071      6.475      0.000
    ROL_SC             0.636      0.096      6.645      0.000
    RCLSC              0.540      0.090      6.000      0.000

 US       BY
    RLABKT             0.731      0.096      7.599      0.000
    ROL_KT_ASI         0.425      0.100      4.241      0.000
    RCLKT_ASIN         0.522      0.111      4.682      0.000

 IQ       BY
    RBLOCK_DES         0.636      0.030     20.900      0.000
    RVOCAB_RAW         0.623      0.028     22.327      0.000

 LABEF    WITH
    OLEF               0.769      0.089      8.610      0.000
    IQ                 0.541      0.120      4.507      0.000

 IQ       WITH
    OLEF               0.568      0.098      5.766      0.000
    SS                -0.198      0.083     -2.397      0.017
    US                 0.620      0.073      8.490      0.000

 Intercepts
    RBLOCK_DES        -0.003      0.042     -0.071      0.943
    RVOCAB_RAW         0.000      0.040     -0.003      0.997
    RLABSC            -0.002      0.038     -0.045      0.964
    RLABAS            -0.006      0.039     -0.161      0.872
    RLABKT            -0.002      0.040     -0.054      0.957
    ROL_SC            -0.044      0.056     -0.780      0.435
    ROL_KT_ASI        -0.069      0.055     -1.259      0.208
    RCLSTROOP         -0.070      0.051     -1.368      0.171
    RCLSC             -0.054      0.052     -1.045      0.296
    RCLKT_ASIN        -0.102      0.056     -1.840      0.066

 Variances
    LABEF              1.000      0.000    999.000    999.000
    OLEF               1.000      0.000    999.000    999.000
    SS                 1.000      0.000    999.000    999.000
    US                 1.000      0.000    999.000    999.000
    IQ                 1.000      0.000    999.000    999.000

 Residual Variances
    RBLOCK_DES         0.596      0.039     15.404      0.000
    RVOCAB_RAW         0.612      0.035     17.613      0.000
    RLABSC             0.673      0.072      9.337      0.000
    RLABAS             0.626      0.104      5.994      0.000
    RLABKT             0.299      0.111      2.694      0.007
    ROL_SC             0.432      0.116      3.724      0.000
    ROL_KT_ASI         0.790      0.075     10.599      0.000
    RCLSTROOP          0.718      0.086      8.356      0.000
    RCLSC              0.590      0.091      6.504      0.000
    RCLKT_ASIN         0.656      0.108      6.067      0.000


R-SQUARE

    Observed                                        Two-Tailed
    Variable        Estimate       S.E.  Est./S.E.    P-Value

    RBLOCK_D           0.404      0.039     10.450      0.000
    RVOCAB_R           0.388      0.035     11.163      0.000
    RLABSC             0.327      0.072      4.533      0.000
    RLABAS             0.374      0.104      3.584      0.000
    RLABKT             0.701      0.111      6.315      0.000
    ROL_SC             0.568      0.116      4.894      0.000
    ROL_KT_A           0.210      0.075      2.818      0.005
    RCLSTROO           0.282      0.086      3.287      0.001
    RCLSC              0.410      0.091      4.522      0.000
    RCLKT_AS           0.344      0.108      3.175      0.002


QUALITY OF NUMERICAL RESULTS

     Condition Number for the Information Matrix              0.135E-01
       (ratio of smallest to largest eigenvalue)


CONFIDENCE INTERVALS OF MODEL RESULTS

                  Lower .5%  Lower 2.5%    Lower 5%    Estimate    Upper 5%  Upper 2.5%   Upper .5%

 LABEF    BY
    RLABSC           0.199       0.232       0.249       0.337       0.425       0.442       0.475
    RLABAS           0.383       0.438       0.466       0.612       0.759       0.787       0.841
    RLABKT           0.244       0.283       0.303       0.408       0.513       0.533       0.572

 OLEF     BY
    ROL_SC           0.177       0.232       0.260       0.407       0.553       0.581       0.636
    ROL_KT_ASI      -0.069      -0.011       0.018       0.172       0.327       0.356       0.414
    RCLSTROOP        0.312       0.365       0.392       0.534       0.676       0.704       0.757
    RCLSC            0.148       0.194       0.218       0.343       0.467       0.491       0.538
    RCLKT_ASIN       0.044       0.099       0.126       0.272       0.417       0.445       0.500

 SS       BY
    RLABSC           0.269       0.315       0.339       0.461       0.584       0.608       0.654
    ROL_SC           0.386       0.446       0.477       0.638       0.799       0.830       0.890
    RCLSC            0.293       0.351       0.381       0.538       0.694       0.724       0.783

 US       BY
    RLABKT           0.472       0.534       0.566       0.732       0.899       0.931       0.993
    ROL_KT_ASI       0.155       0.219       0.253       0.426       0.599       0.632       0.697
    RCLKT_ASIN       0.241       0.311       0.346       0.531       0.716       0.751       0.821

 IQ       BY
    RBLOCK_DES       0.538       0.560       0.571       0.630       0.688       0.699       0.721
    RVOCAB_RAW       0.538       0.560       0.571       0.630       0.688       0.699       0.721

 LABEF    WITH
    OLEF             0.539       0.594       0.622       0.769       0.916       0.944       0.999
    IQ               0.232       0.306       0.344       0.541       0.739       0.777       0.851

 IQ       WITH
    OLEF             0.314       0.375       0.406       0.568       0.730       0.761       0.821
    SS              -0.411      -0.360      -0.334      -0.198      -0.062      -0.036       0.015
    US               0.432       0.477       0.500       0.620       0.740       0.763       0.808

 Intercepts
    RBLOCK_D        -0.110      -0.084      -0.071      -0.003       0.065       0.078       0.104
    RVOCAB_R        -0.104      -0.079      -0.067       0.000       0.066       0.079       0.104
    RLABSC          -0.100      -0.077      -0.065      -0.002       0.061       0.073       0.097
    RLABAS          -0.108      -0.084      -0.071      -0.006       0.059       0.071       0.095
    RLABKT          -0.106      -0.081      -0.068      -0.002       0.064       0.077       0.101
    ROL_SC          -0.192      -0.157      -0.139      -0.044       0.051       0.069       0.104
    ROL_KT_A        -0.208      -0.175      -0.158      -0.069       0.019       0.036       0.069
    RCLSTROO        -0.203      -0.172      -0.155      -0.070       0.015       0.032       0.063
    RCLSC           -0.190      -0.157      -0.141      -0.054       0.033       0.049       0.082
    RCLKT_AS        -0.250      -0.215      -0.197      -0.104      -0.011       0.007       0.041

 Variances
    LABEF            1.000       1.000       1.000       1.000       1.000       1.000       1.000
    OLEF             1.000       1.000       1.000       1.000       1.000       1.000       1.000
    SS               1.000       1.000       1.000       1.000       1.000       1.000       1.000
    US               1.000       1.000       1.000       1.000       1.000       1.000       1.000
    IQ               1.000       1.000       1.000       1.000       1.000       1.000       1.000

 Residual Variances
    RBLOCK_D         0.469       0.497       0.511       0.584       0.658       0.672       0.699
    RVOCAB_R         0.498       0.529       0.544       0.625       0.707       0.722       0.752
    RLABSC           0.474       0.522       0.546       0.673       0.799       0.823       0.871
    RLABAS           0.359       0.423       0.456       0.627       0.798       0.830       0.894
    RLABKT           0.020       0.087       0.121       0.300       0.479       0.513       0.580
    ROL_SC           0.121       0.196       0.235       0.436       0.636       0.675       0.750
    ROL_KT_A         0.531       0.594       0.626       0.793       0.960       0.992       1.055
    RCLSTROO         0.495       0.550       0.578       0.726       0.873       0.901       0.956
    RCLSC            0.357       0.412       0.439       0.585       0.730       0.758       0.813
    RCLKT_AS         0.354       0.432       0.472       0.680       0.888       0.928       1.006


CONFIDENCE INTERVALS OF STANDARDIZED MODEL RESULTS


STDYX Standardization

                  Lower .5%  Lower 2.5%    Lower 5%    Estimate    Upper 5%  Upper 2.5%   Upper .5%

 LABEF    BY
    RLABSC           0.205       0.237       0.253       0.337       0.421       0.438       0.469
    RLABAS           0.392       0.444       0.471       0.612       0.752       0.779       0.832
    RLABKT           0.248       0.286       0.306       0.407       0.509       0.528       0.567

 OLEF     BY
    ROL_SC           0.196       0.246       0.272       0.405       0.538       0.564       0.614
    ROL_KT_ASI      -0.070      -0.012       0.018       0.172       0.326       0.356       0.414
    RCLSTROOP        0.323       0.373       0.398       0.531       0.664       0.690       0.740
    RCLSC            0.157       0.202       0.225       0.344       0.463       0.486       0.531
    RCLKT_ASIN       0.048       0.100       0.127       0.267       0.407       0.434       0.487

 SS       BY
    RLABSC           0.278       0.322       0.344       0.462       0.579       0.601       0.645
    ROL_SC           0.389       0.448       0.478       0.636       0.793       0.823       0.882
    RCLSC            0.308       0.364       0.392       0.540       0.688       0.717       0.772

 US       BY
    RLABKT           0.483       0.543       0.573       0.731       0.890       0.920       0.979
    ROL_KT_ASI       0.167       0.228       0.260       0.425       0.590       0.621       0.683
    RCLKT_ASIN       0.235       0.303       0.338       0.522       0.705       0.740       0.809

 IQ       BY
    RBLOCK_DES       0.557       0.576       0.586       0.636       0.686       0.695       0.714
    RVOCAB_RAW       0.551       0.568       0.577       0.623       0.669       0.678       0.695

 LABEF    WITH
    OLEF             0.539       0.594       0.622       0.769       0.916       0.944       0.999
    IQ               0.232       0.306       0.344       0.541       0.739       0.777       0.851

 IQ       WITH
    OLEF             0.314       0.375       0.406       0.568       0.730       0.761       0.821
    SS              -0.411      -0.360      -0.334      -0.198      -0.062      -0.036       0.015
    US               0.432       0.477       0.500       0.620       0.740       0.763       0.808

 Intercepts
    RBLOCK_D        -0.111      -0.085      -0.072      -0.003       0.066       0.079       0.105
    RVOCAB_R        -0.103      -0.079      -0.066       0.000       0.066       0.078       0.103
    RLABSC          -0.100      -0.077      -0.065      -0.002       0.061       0.073       0.097
    RLABAS          -0.108      -0.084      -0.071      -0.006       0.059       0.071       0.095
    RLABKT          -0.105      -0.081      -0.068      -0.002       0.064       0.076       0.101
    ROL_SC          -0.188      -0.153      -0.136      -0.044       0.048       0.066       0.101
    ROL_KT_A        -0.211      -0.177      -0.160      -0.069       0.021       0.039       0.072
    RCLSTROO        -0.201      -0.169      -0.153      -0.070       0.014       0.030       0.061
    RCLSC           -0.187      -0.156      -0.139      -0.054       0.031       0.047       0.079
    RCLKT_AS        -0.245      -0.211      -0.194      -0.102      -0.011       0.007       0.041

 Variances
    LABEF            1.000       1.000       1.000       1.000       1.000       1.000       1.000
    OLEF             1.000       1.000       1.000       1.000       1.000       1.000       1.000
    SS               1.000       1.000       1.000       1.000       1.000       1.000       1.000
    US               1.000       1.000       1.000       1.000       1.000       1.000       1.000
    IQ               1.000       1.000       1.000       1.000       1.000       1.000       1.000

 Residual Variances
    RBLOCK_D         0.496       0.520       0.532       0.596       0.659       0.672       0.695
    RVOCAB_R         0.523       0.544       0.555       0.612       0.669       0.680       0.702
    RLABSC           0.487       0.532       0.555       0.673       0.792       0.814       0.859
    RLABAS           0.357       0.421       0.454       0.626       0.798       0.830       0.895
    RLABKT           0.013       0.082       0.116       0.299       0.482       0.517       0.585
    ROL_SC           0.133       0.205       0.241       0.432       0.623       0.660       0.731
    ROL_KT_A         0.598       0.644       0.667       0.790       0.913       0.936       0.982
    RCLSTROO         0.496       0.549       0.576       0.718       0.859       0.886       0.939
    RCLSC            0.356       0.412       0.441       0.590       0.739       0.768       0.823
    RCLKT_AS         0.378       0.444       0.478       0.656       0.834       0.869       0.935


     Beginning Time:  13:18:34
        Ending Time:  13:18:35
       Elapsed Time:  00:00:01



MUTHEN & MUTHEN
3463 Stoner Ave.
Los Angeles, CA  90066

Tel: (310) 391-9971
Fax: (310) 391-8971
Web: www.StatModel.com
Support: Support@StatModel.com

Copyright (c) 1998-2019 Muthen & Muthen
